2020-07-21 15:43:40,132:INFO:PyCaret Classification Module
2020-07-21 15:43:40,133:INFO:version pycaret-nightly-0.33
2020-07-21 15:43:40,133:INFO:Initializing setup()
2020-07-21 15:43:40,133:INFO:Checking Exceptions
2020-07-21 15:43:40,133:INFO:Preloading libraries
2020-07-21 15:43:40,270:INFO:Preparing display monitor
2020-07-21 15:43:40,275:INFO:Importing libraries
2020-07-21 15:43:41,471:INFO:Copying data for preprocessing
2020-07-21 15:43:41,472:INFO:Declaring global variables
2020-07-21 15:43:41,473:INFO:Declaring preprocessing parameters
2020-07-21 15:43:41,473:INFO:Importing preprocessing module
2020-07-21 15:43:41,799:INFO:Creating preprocessing pipeline
2020-07-21 15:54:54,340:INFO:Preprocessing pipeline created successfully
2020-07-21 15:54:54,340:INFO:Creating grid variables
2020-07-21 15:54:54,344:INFO:Creating global containers
2020-07-21 15:54:54,432:INFO:setup() succesfully completed
2020-07-21 15:54:54,433:INFO:Initializing compare_models()
2020-07-21 15:54:54,440:INFO:Checking exceptions
2020-07-21 15:54:54,441:INFO:Preloading libraries
2020-07-21 15:54:54,441:INFO:Preparing display monitor
2020-07-21 15:54:54,448:INFO:Copying training dataset
2020-07-21 15:54:54,449:INFO:Importing libraries
2020-07-21 15:54:54,787:INFO:Importing untrained models
2020-07-21 15:54:54,788:INFO:Import successful
2020-07-21 15:54:54,789:INFO:Defining folds
2020-07-21 15:54:54,798:INFO:Declaring metric variables
2020-07-21 15:54:54,798:INFO:Initializing Logistic Regression
2020-07-21 15:54:54,801:INFO:Initializing Fold 1
2020-07-21 15:54:54,804:INFO:Fitting Model
2020-07-21 15:54:54,885:INFO:Evaluating Metrics
2020-07-21 16:00:09,209:INFO:PyCaret Classification Module
2020-07-21 16:00:09,210:INFO:version pycaret-nightly-0.33
2020-07-21 16:00:09,210:INFO:Initializing setup()
2020-07-21 16:00:09,210:INFO:Checking Exceptions
2020-07-21 16:00:09,210:INFO:Preloading libraries
2020-07-21 16:00:09,364:INFO:Preparing display monitor
2020-07-21 16:00:09,370:INFO:Importing libraries
2020-07-21 16:00:10,412:INFO:Copying data for preprocessing
2020-07-21 16:00:10,413:INFO:Declaring global variables
2020-07-21 16:00:10,415:INFO:Declaring preprocessing parameters
2020-07-21 16:00:10,423:INFO:Importing preprocessing module
2020-07-21 16:00:10,679:INFO:Creating preprocessing pipeline
2020-07-21 16:12:07,033:INFO:Preprocessing pipeline created successfully
2020-07-21 16:12:07,033:INFO:Creating grid variables
2020-07-21 16:12:07,037:INFO:Creating global containers
2020-07-21 16:12:07,117:INFO:setup() succesfully completed
2020-07-21 16:12:07,118:INFO:Initializing compare_models()
2020-07-21 16:12:07,118:INFO:Checking exceptions
2020-07-21 16:12:07,119:INFO:Preloading libraries
2020-07-21 16:12:07,120:INFO:Preparing display monitor
2020-07-21 16:12:07,127:INFO:Copying training dataset
2020-07-21 16:12:07,130:INFO:Importing libraries
2020-07-21 16:12:07,255:INFO:Importing untrained models
2020-07-21 16:12:07,256:INFO:Import successful
2020-07-21 16:12:07,257:INFO:Defining folds
2020-07-21 16:12:07,258:INFO:Declaring metric variables
2020-07-21 16:12:07,265:INFO:Initializing Logistic Regression
2020-07-21 16:12:07,266:INFO:Initializing Fold 1
2020-07-21 16:12:07,269:INFO:Fitting Model
2020-07-21 16:12:07,351:INFO:Evaluating Metrics
2020-07-21 16:12:07,361:INFO:Compiling Metrics
2020-07-21 16:12:07,364:INFO:Initializing Fold 2
2020-07-21 16:12:07,366:INFO:Fitting Model
2020-07-21 16:12:07,419:INFO:Evaluating Metrics
2020-07-21 16:12:07,429:INFO:Compiling Metrics
2020-07-21 16:12:07,431:INFO:Initializing Fold 3
2020-07-21 16:12:07,433:INFO:Fitting Model
2020-07-21 16:12:07,501:INFO:Evaluating Metrics
2020-07-21 16:12:07,511:INFO:Compiling Metrics
2020-07-21 16:12:07,516:INFO:Initializing Fold 4
2020-07-21 16:12:07,518:INFO:Fitting Model
2020-07-21 16:12:07,584:INFO:Evaluating Metrics
2020-07-21 16:12:07,597:INFO:Compiling Metrics
2020-07-21 16:12:07,599:INFO:Initializing Fold 5
2020-07-21 16:12:07,602:INFO:Fitting Model
2020-07-21 16:12:07,674:INFO:Evaluating Metrics
2020-07-21 16:12:07,683:INFO:Compiling Metrics
2020-07-21 16:12:07,685:INFO:Initializing Fold 6
2020-07-21 16:12:07,688:INFO:Fitting Model
2020-07-21 16:12:07,770:INFO:Evaluating Metrics
2020-07-21 16:12:07,780:INFO:Compiling Metrics
2020-07-21 16:12:07,782:INFO:Initializing Fold 7
2020-07-21 16:12:07,785:INFO:Fitting Model
2020-07-21 16:12:07,863:INFO:Evaluating Metrics
2020-07-21 16:12:07,873:INFO:Compiling Metrics
2020-07-21 16:12:07,880:INFO:Initializing Fold 8
2020-07-21 16:12:07,883:INFO:Fitting Model
2020-07-21 16:12:07,928:INFO:Evaluating Metrics
2020-07-21 16:12:07,938:INFO:Compiling Metrics
2020-07-21 16:12:07,939:INFO:Initializing Fold 9
2020-07-21 16:12:07,942:INFO:Fitting Model
2020-07-21 16:12:07,991:INFO:Evaluating Metrics
2020-07-21 16:12:08,001:INFO:Compiling Metrics
2020-07-21 16:12:08,003:INFO:Initializing Fold 10
2020-07-21 16:12:08,005:INFO:Fitting Model
2020-07-21 16:12:08,054:INFO:Evaluating Metrics
2020-07-21 16:12:08,080:INFO:Compiling Metrics
2020-07-21 16:12:08,083:INFO:Calculating mean and std
2020-07-21 16:12:08,083:INFO:Creating metrics dataframe
2020-07-21 16:12:08,087:INFO:Initializing K Neighbors Classifier
2020-07-21 16:12:08,089:INFO:Initializing Fold 1
2020-07-21 16:12:08,091:INFO:Fitting Model
2020-07-21 16:12:08,124:INFO:Evaluating Metrics
2020-07-21 16:12:08,370:INFO:Compiling Metrics
2020-07-21 16:12:08,372:INFO:Initializing Fold 2
2020-07-21 16:12:08,374:INFO:Fitting Model
2020-07-21 16:12:08,407:INFO:Evaluating Metrics
2020-07-21 16:12:08,650:INFO:Compiling Metrics
2020-07-21 16:12:08,653:INFO:Initializing Fold 3
2020-07-21 16:12:08,661:INFO:Fitting Model
2020-07-21 16:12:08,685:INFO:Evaluating Metrics
2020-07-21 16:12:08,922:INFO:Compiling Metrics
2020-07-21 16:12:08,924:INFO:Initializing Fold 4
2020-07-21 16:12:08,927:INFO:Fitting Model
2020-07-21 16:12:08,958:INFO:Evaluating Metrics
2020-07-21 16:12:09,195:INFO:Compiling Metrics
2020-07-21 16:12:09,198:INFO:Initializing Fold 5
2020-07-21 16:12:09,200:INFO:Fitting Model
2020-07-21 16:12:09,240:INFO:Evaluating Metrics
2020-07-21 16:12:09,480:INFO:Compiling Metrics
2020-07-21 16:12:09,482:INFO:Initializing Fold 6
2020-07-21 16:12:09,484:INFO:Fitting Model
2020-07-21 16:12:09,509:INFO:Evaluating Metrics
2020-07-21 16:12:09,760:INFO:Compiling Metrics
2020-07-21 16:12:09,764:INFO:Initializing Fold 7
2020-07-21 16:12:09,766:INFO:Fitting Model
2020-07-21 16:12:09,791:INFO:Evaluating Metrics
2020-07-21 16:12:10,032:INFO:Compiling Metrics
2020-07-21 16:12:10,035:INFO:Initializing Fold 8
2020-07-21 16:12:10,037:INFO:Fitting Model
2020-07-21 16:12:10,067:INFO:Evaluating Metrics
2020-07-21 16:12:10,304:INFO:Compiling Metrics
2020-07-21 16:12:10,306:INFO:Initializing Fold 9
2020-07-21 16:12:10,308:INFO:Fitting Model
2020-07-21 16:12:10,338:INFO:Evaluating Metrics
2020-07-21 16:12:10,576:INFO:Compiling Metrics
2020-07-21 16:12:10,579:INFO:Initializing Fold 10
2020-07-21 16:12:10,588:INFO:Fitting Model
2020-07-21 16:12:10,613:INFO:Evaluating Metrics
2020-07-21 16:12:10,855:INFO:Compiling Metrics
2020-07-21 16:12:10,858:INFO:Calculating mean and std
2020-07-21 16:12:10,858:INFO:Creating metrics dataframe
2020-07-21 16:12:10,868:INFO:Initializing Naive Bayes
2020-07-21 16:12:10,870:INFO:Initializing Fold 1
2020-07-21 16:12:10,872:INFO:Fitting Model
2020-07-21 16:12:10,878:INFO:Evaluating Metrics
2020-07-21 16:12:10,892:INFO:Compiling Metrics
2020-07-21 16:12:10,900:INFO:Initializing Fold 2
2020-07-21 16:12:10,903:INFO:Fitting Model
2020-07-21 16:12:10,908:INFO:Evaluating Metrics
2020-07-21 16:12:10,918:INFO:Compiling Metrics
2020-07-21 16:12:10,919:INFO:Initializing Fold 3
2020-07-21 16:12:10,922:INFO:Fitting Model
2020-07-21 16:12:10,927:INFO:Evaluating Metrics
2020-07-21 16:12:10,943:INFO:Compiling Metrics
2020-07-21 16:12:10,950:INFO:Initializing Fold 4
2020-07-21 16:12:10,953:INFO:Fitting Model
2020-07-21 16:12:10,959:INFO:Evaluating Metrics
2020-07-21 16:12:10,969:INFO:Compiling Metrics
2020-07-21 16:12:10,972:INFO:Initializing Fold 5
2020-07-21 16:12:10,975:INFO:Fitting Model
2020-07-21 16:12:10,980:INFO:Evaluating Metrics
2020-07-21 16:12:10,992:INFO:Compiling Metrics
2020-07-21 16:12:11,000:INFO:Initializing Fold 6
2020-07-21 16:12:11,002:INFO:Fitting Model
2020-07-21 16:12:11,007:INFO:Evaluating Metrics
2020-07-21 16:12:11,017:INFO:Compiling Metrics
2020-07-21 16:12:11,019:INFO:Initializing Fold 7
2020-07-21 16:12:11,022:INFO:Fitting Model
2020-07-21 16:12:11,027:INFO:Evaluating Metrics
2020-07-21 16:12:11,042:INFO:Compiling Metrics
2020-07-21 16:12:11,050:INFO:Initializing Fold 8
2020-07-21 16:12:11,052:INFO:Fitting Model
2020-07-21 16:12:11,058:INFO:Evaluating Metrics
2020-07-21 16:12:11,067:INFO:Compiling Metrics
2020-07-21 16:12:11,069:INFO:Initializing Fold 9
2020-07-21 16:12:11,071:INFO:Fitting Model
2020-07-21 16:12:11,076:INFO:Evaluating Metrics
2020-07-21 16:12:11,091:INFO:Compiling Metrics
2020-07-21 16:12:11,093:INFO:Initializing Fold 10
2020-07-21 16:12:11,101:INFO:Fitting Model
2020-07-21 16:12:11,106:INFO:Evaluating Metrics
2020-07-21 16:12:11,116:INFO:Compiling Metrics
2020-07-21 16:12:11,118:INFO:Calculating mean and std
2020-07-21 16:12:11,118:INFO:Creating metrics dataframe
2020-07-21 16:12:11,122:INFO:Initializing Decision Tree Classifier
2020-07-21 16:12:11,124:INFO:Initializing Fold 1
2020-07-21 16:12:11,126:INFO:Fitting Model
2020-07-21 16:12:11,254:INFO:Evaluating Metrics
2020-07-21 16:12:11,266:INFO:Compiling Metrics
2020-07-21 16:12:11,268:INFO:Initializing Fold 2
2020-07-21 16:12:11,271:INFO:Fitting Model
2020-07-21 16:12:11,371:INFO:Evaluating Metrics
2020-07-21 16:12:11,380:INFO:Compiling Metrics
2020-07-21 16:12:11,383:INFO:Initializing Fold 3
2020-07-21 16:12:11,385:INFO:Fitting Model
2020-07-21 16:12:11,481:INFO:Evaluating Metrics
2020-07-21 16:12:11,491:INFO:Compiling Metrics
2020-07-21 16:12:11,493:INFO:Initializing Fold 4
2020-07-21 16:12:11,495:INFO:Fitting Model
2020-07-21 16:12:11,623:INFO:Evaluating Metrics
2020-07-21 16:12:11,633:INFO:Compiling Metrics
2020-07-21 16:12:11,636:INFO:Initializing Fold 5
2020-07-21 16:12:11,638:INFO:Fitting Model
2020-07-21 16:12:11,759:INFO:Evaluating Metrics
2020-07-21 16:12:11,768:INFO:Compiling Metrics
2020-07-21 16:12:11,774:INFO:Initializing Fold 6
2020-07-21 16:12:11,776:INFO:Fitting Model
2020-07-21 16:12:11,883:INFO:Evaluating Metrics
2020-07-21 16:12:11,892:INFO:Compiling Metrics
2020-07-21 16:12:11,896:INFO:Initializing Fold 7
2020-07-21 16:12:11,899:INFO:Fitting Model
2020-07-21 16:12:12,021:INFO:Evaluating Metrics
2020-07-21 16:12:12,030:INFO:Compiling Metrics
2020-07-21 16:12:12,033:INFO:Initializing Fold 8
2020-07-21 16:12:12,036:INFO:Fitting Model
2020-07-21 16:12:12,140:INFO:Evaluating Metrics
2020-07-21 16:12:12,149:INFO:Compiling Metrics
2020-07-21 16:12:12,153:INFO:Initializing Fold 9
2020-07-21 16:12:12,155:INFO:Fitting Model
2020-07-21 16:12:12,278:INFO:Evaluating Metrics
2020-07-21 16:12:12,287:INFO:Compiling Metrics
2020-07-21 16:12:12,289:INFO:Initializing Fold 10
2020-07-21 16:12:12,291:INFO:Fitting Model
2020-07-21 16:12:12,407:INFO:Evaluating Metrics
2020-07-21 16:12:12,416:INFO:Compiling Metrics
2020-07-21 16:12:12,420:INFO:Calculating mean and std
2020-07-21 16:12:12,421:INFO:Creating metrics dataframe
2020-07-21 16:12:12,424:INFO:Initializing SVM - Linear Kernel
2020-07-21 16:12:12,425:INFO:Initializing Fold 1
2020-07-21 16:12:12,428:INFO:Fitting Model
2020-07-21 16:12:12,473:INFO:Evaluating Metrics
2020-07-21 16:12:12,482:INFO:Compiling Metrics
2020-07-21 16:12:12,488:INFO:Initializing Fold 2
2020-07-21 16:12:12,490:INFO:Fitting Model
2020-07-21 16:12:12,511:INFO:Evaluating Metrics
2020-07-21 16:12:12,526:INFO:Compiling Metrics
2020-07-21 16:12:12,527:INFO:Initializing Fold 3
2020-07-21 16:12:12,535:INFO:Fitting Model
2020-07-21 16:12:12,573:INFO:Evaluating Metrics
2020-07-21 16:12:12,580:INFO:Compiling Metrics
2020-07-21 16:12:12,585:INFO:Initializing Fold 4
2020-07-21 16:12:12,587:INFO:Fitting Model
2020-07-21 16:12:12,621:INFO:Evaluating Metrics
2020-07-21 16:12:12,628:INFO:Compiling Metrics
2020-07-21 16:12:12,635:INFO:Initializing Fold 5
2020-07-21 16:12:12,637:INFO:Fitting Model
2020-07-21 16:12:12,655:INFO:Evaluating Metrics
2020-07-21 16:12:12,661:INFO:Compiling Metrics
2020-07-21 16:12:12,668:INFO:Initializing Fold 6
2020-07-21 16:12:12,670:INFO:Fitting Model
2020-07-21 16:12:12,697:INFO:Evaluating Metrics
2020-07-21 16:12:12,704:INFO:Compiling Metrics
2020-07-21 16:12:12,706:INFO:Initializing Fold 7
2020-07-21 16:12:12,708:INFO:Fitting Model
2020-07-21 16:12:12,731:INFO:Evaluating Metrics
2020-07-21 16:12:12,740:INFO:Compiling Metrics
2020-07-21 16:12:12,742:INFO:Initializing Fold 8
2020-07-21 16:12:12,744:INFO:Fitting Model
2020-07-21 16:12:12,771:INFO:Evaluating Metrics
2020-07-21 16:12:12,777:INFO:Compiling Metrics
2020-07-21 16:12:12,785:INFO:Initializing Fold 9
2020-07-21 16:12:12,787:INFO:Fitting Model
2020-07-21 16:12:12,814:INFO:Evaluating Metrics
2020-07-21 16:12:12,820:INFO:Compiling Metrics
2020-07-21 16:12:12,822:INFO:Initializing Fold 10
2020-07-21 16:12:12,824:INFO:Fitting Model
2020-07-21 16:12:12,847:INFO:Evaluating Metrics
2020-07-21 16:12:12,857:INFO:Compiling Metrics
2020-07-21 16:12:12,859:INFO:Calculating mean and std
2020-07-21 16:12:12,859:INFO:Creating metrics dataframe
2020-07-21 16:12:12,863:INFO:Initializing Ridge Classifier
2020-07-21 16:12:12,868:INFO:Initializing Fold 1
2020-07-21 16:12:12,871:INFO:Fitting Model
2020-07-21 16:12:12,901:INFO:Evaluating Metrics
2020-07-21 16:12:12,908:INFO:Compiling Metrics
2020-07-21 16:12:12,909:INFO:Initializing Fold 2
2020-07-21 16:12:12,912:INFO:Fitting Model
2020-07-21 16:12:12,929:INFO:Evaluating Metrics
2020-07-21 16:12:12,941:INFO:Compiling Metrics
2020-07-21 16:12:12,944:INFO:Initializing Fold 3
2020-07-21 16:12:12,954:INFO:Fitting Model
2020-07-21 16:12:12,966:INFO:Evaluating Metrics
2020-07-21 16:12:12,976:INFO:Compiling Metrics
2020-07-21 16:12:12,979:INFO:Initializing Fold 4
2020-07-21 16:12:12,988:INFO:Fitting Model
2020-07-21 16:12:13,001:INFO:Evaluating Metrics
2020-07-21 16:12:13,010:INFO:Compiling Metrics
2020-07-21 16:12:13,012:INFO:Initializing Fold 5
2020-07-21 16:12:13,020:INFO:Fitting Model
2020-07-21 16:12:13,033:INFO:Evaluating Metrics
2020-07-21 16:12:13,043:INFO:Compiling Metrics
2020-07-21 16:12:13,045:INFO:Initializing Fold 6
2020-07-21 16:12:13,054:INFO:Fitting Model
2020-07-21 16:12:13,066:INFO:Evaluating Metrics
2020-07-21 16:12:13,077:INFO:Compiling Metrics
2020-07-21 16:12:13,086:INFO:Initializing Fold 7
2020-07-21 16:12:13,089:INFO:Fitting Model
2020-07-21 16:12:13,101:INFO:Evaluating Metrics
2020-07-21 16:12:13,109:INFO:Compiling Metrics
2020-07-21 16:12:13,111:INFO:Initializing Fold 8
2020-07-21 16:12:13,120:INFO:Fitting Model
2020-07-21 16:12:13,132:INFO:Evaluating Metrics
2020-07-21 16:12:13,143:INFO:Compiling Metrics
2020-07-21 16:12:13,145:INFO:Initializing Fold 9
2020-07-21 16:12:13,155:INFO:Fitting Model
2020-07-21 16:12:13,166:INFO:Evaluating Metrics
2020-07-21 16:12:13,177:INFO:Compiling Metrics
2020-07-21 16:12:13,179:INFO:Initializing Fold 10
2020-07-21 16:12:13,188:INFO:Fitting Model
2020-07-21 16:12:13,199:INFO:Evaluating Metrics
2020-07-21 16:12:13,209:INFO:Compiling Metrics
2020-07-21 16:12:13,212:INFO:Calculating mean and std
2020-07-21 16:12:13,220:INFO:Creating metrics dataframe
2020-07-21 16:12:13,224:INFO:Initializing Random Forest Classifier
2020-07-21 16:12:13,226:INFO:Initializing Fold 1
2020-07-21 16:12:13,229:INFO:Fitting Model
2020-07-21 16:12:13,361:INFO:Evaluating Metrics
2020-07-21 16:12:13,588:INFO:Compiling Metrics
2020-07-21 16:12:13,591:INFO:Initializing Fold 2
2020-07-21 16:12:13,593:INFO:Fitting Model
2020-07-21 16:12:13,711:INFO:Evaluating Metrics
2020-07-21 16:12:13,936:INFO:Compiling Metrics
2020-07-21 16:12:13,937:INFO:Initializing Fold 3
2020-07-21 16:12:13,940:INFO:Fitting Model
2020-07-21 16:12:14,063:INFO:Evaluating Metrics
2020-07-21 16:12:14,291:INFO:Compiling Metrics
2020-07-21 16:12:14,294:INFO:Initializing Fold 4
2020-07-21 16:12:14,303:INFO:Fitting Model
2020-07-21 16:12:14,422:INFO:Evaluating Metrics
2020-07-21 16:12:14,649:INFO:Compiling Metrics
2020-07-21 16:12:14,652:INFO:Initializing Fold 5
2020-07-21 16:12:14,655:INFO:Fitting Model
2020-07-21 16:12:14,773:INFO:Evaluating Metrics
2020-07-21 16:12:14,999:INFO:Compiling Metrics
2020-07-21 16:12:15,001:INFO:Initializing Fold 6
2020-07-21 16:12:15,003:INFO:Fitting Model
2020-07-21 16:12:15,128:INFO:Evaluating Metrics
2020-07-21 16:12:15,350:INFO:Compiling Metrics
2020-07-21 16:12:15,353:INFO:Initializing Fold 7
2020-07-21 16:12:15,360:INFO:Fitting Model
2020-07-21 16:12:15,480:INFO:Evaluating Metrics
2020-07-21 16:12:15,704:INFO:Compiling Metrics
2020-07-21 16:12:15,707:INFO:Initializing Fold 8
2020-07-21 16:12:15,711:INFO:Fitting Model
2020-07-21 16:12:15,838:INFO:Evaluating Metrics
2020-07-21 16:12:16,064:INFO:Compiling Metrics
2020-07-21 16:12:16,067:INFO:Initializing Fold 9
2020-07-21 16:12:16,075:INFO:Fitting Model
2020-07-21 16:12:16,193:INFO:Evaluating Metrics
2020-07-21 16:12:16,417:INFO:Compiling Metrics
2020-07-21 16:12:16,420:INFO:Initializing Fold 10
2020-07-21 16:12:16,424:INFO:Fitting Model
2020-07-21 16:12:16,545:INFO:Evaluating Metrics
2020-07-21 16:12:16,769:INFO:Compiling Metrics
2020-07-21 16:12:16,771:INFO:Calculating mean and std
2020-07-21 16:12:16,771:INFO:Creating metrics dataframe
2020-07-21 16:12:16,774:INFO:Initializing Quadratic Discriminant Analysis
2020-07-21 16:12:16,776:INFO:Initializing Fold 1
2020-07-21 16:12:16,778:INFO:Fitting Model
2020-07-21 16:12:17,105:INFO:Evaluating Metrics
2020-07-21 16:12:17,120:INFO:Compiling Metrics
2020-07-21 16:12:17,123:INFO:Initializing Fold 2
2020-07-21 16:12:17,125:INFO:Fitting Model
2020-07-21 16:12:17,457:INFO:Evaluating Metrics
2020-07-21 16:12:17,470:INFO:Compiling Metrics
2020-07-21 16:12:17,472:INFO:Initializing Fold 3
2020-07-21 16:12:17,474:INFO:Fitting Model
2020-07-21 16:12:17,803:INFO:Evaluating Metrics
2020-07-21 16:12:17,816:INFO:Compiling Metrics
2020-07-21 16:12:17,818:INFO:Initializing Fold 4
2020-07-21 16:12:17,820:INFO:Fitting Model
2020-07-21 16:12:18,151:INFO:Evaluating Metrics
2020-07-21 16:12:18,165:INFO:Compiling Metrics
2020-07-21 16:12:18,166:INFO:Initializing Fold 5
2020-07-21 16:12:18,169:INFO:Fitting Model
2020-07-21 16:12:18,503:INFO:Evaluating Metrics
2020-07-21 16:12:18,516:INFO:Compiling Metrics
2020-07-21 16:12:18,519:INFO:Initializing Fold 6
2020-07-21 16:12:18,521:INFO:Fitting Model
2020-07-21 16:12:18,789:INFO:Evaluating Metrics
2020-07-21 16:12:18,802:INFO:Compiling Metrics
2020-07-21 16:12:18,804:INFO:Initializing Fold 7
2020-07-21 16:12:18,807:INFO:Fitting Model
2020-07-21 16:12:19,087:INFO:Evaluating Metrics
2020-07-21 16:12:19,100:INFO:Compiling Metrics
2020-07-21 16:12:19,102:INFO:Initializing Fold 8
2020-07-21 16:12:19,105:INFO:Fitting Model
2020-07-21 16:12:19,373:INFO:Evaluating Metrics
2020-07-21 16:12:19,385:INFO:Compiling Metrics
2020-07-21 16:12:19,388:INFO:Initializing Fold 9
2020-07-21 16:12:19,390:INFO:Fitting Model
2020-07-21 16:12:19,659:INFO:Evaluating Metrics
2020-07-21 16:12:19,672:INFO:Compiling Metrics
2020-07-21 16:12:19,674:INFO:Initializing Fold 10
2020-07-21 16:12:19,676:INFO:Fitting Model
2020-07-21 16:12:19,948:INFO:Evaluating Metrics
2020-07-21 16:12:19,963:INFO:Compiling Metrics
2020-07-21 16:12:19,966:INFO:Calculating mean and std
2020-07-21 16:12:19,971:INFO:Creating metrics dataframe
2020-07-21 16:12:19,975:INFO:Initializing Ada Boost Classifier
2020-07-21 16:12:19,977:INFO:Initializing Fold 1
2020-07-21 16:12:19,979:INFO:Fitting Model
2020-07-21 16:12:20,743:INFO:Evaluating Metrics
2020-07-21 16:12:20,766:INFO:Compiling Metrics
2020-07-21 16:12:20,767:INFO:Initializing Fold 2
2020-07-21 16:12:20,770:INFO:Fitting Model
2020-07-21 16:12:21,523:INFO:Evaluating Metrics
2020-07-21 16:12:21,547:INFO:Compiling Metrics
2020-07-21 16:12:21,548:INFO:Initializing Fold 3
2020-07-21 16:12:21,551:INFO:Fitting Model
2020-07-21 16:12:22,309:INFO:Evaluating Metrics
2020-07-21 16:12:22,333:INFO:Compiling Metrics
2020-07-21 16:12:22,335:INFO:Initializing Fold 4
2020-07-21 16:12:22,338:INFO:Fitting Model
2020-07-21 16:12:23,092:INFO:Evaluating Metrics
2020-07-21 16:12:23,115:INFO:Compiling Metrics
2020-07-21 16:12:23,117:INFO:Initializing Fold 5
2020-07-21 16:12:23,120:INFO:Fitting Model
2020-07-21 16:12:23,874:INFO:Evaluating Metrics
2020-07-21 16:12:23,897:INFO:Compiling Metrics
2020-07-21 16:12:23,900:INFO:Initializing Fold 6
2020-07-21 16:12:23,906:INFO:Fitting Model
2020-07-21 16:12:24,658:INFO:Evaluating Metrics
2020-07-21 16:12:24,681:INFO:Compiling Metrics
2020-07-21 16:12:24,683:INFO:Initializing Fold 7
2020-07-21 16:12:24,685:INFO:Fitting Model
2020-07-21 16:12:25,441:INFO:Evaluating Metrics
2020-07-21 16:12:25,464:INFO:Compiling Metrics
2020-07-21 16:12:25,466:INFO:Initializing Fold 8
2020-07-21 16:12:25,473:INFO:Fitting Model
2020-07-21 16:12:26,229:INFO:Evaluating Metrics
2020-07-21 16:12:26,252:INFO:Compiling Metrics
2020-07-21 16:12:26,254:INFO:Initializing Fold 9
2020-07-21 16:12:26,256:INFO:Fitting Model
2020-07-21 16:12:27,011:INFO:Evaluating Metrics
2020-07-21 16:12:27,035:INFO:Compiling Metrics
2020-07-21 16:12:27,037:INFO:Initializing Fold 10
2020-07-21 16:12:27,039:INFO:Fitting Model
2020-07-21 16:12:27,798:INFO:Evaluating Metrics
2020-07-21 16:12:27,822:INFO:Compiling Metrics
2020-07-21 16:12:27,824:INFO:Calculating mean and std
2020-07-21 16:12:27,825:INFO:Creating metrics dataframe
2020-07-21 16:12:27,832:INFO:Initializing Gradient Boosting Classifier
2020-07-21 16:12:27,833:INFO:Initializing Fold 1
2020-07-21 16:12:27,835:INFO:Fitting Model
2020-07-21 16:12:31,375:INFO:Evaluating Metrics
2020-07-21 16:12:31,395:INFO:Compiling Metrics
2020-07-21 16:12:31,397:INFO:Initializing Fold 2
2020-07-21 16:12:31,405:INFO:Fitting Model
2020-07-21 16:12:34,925:INFO:Evaluating Metrics
2020-07-21 16:12:34,934:INFO:Compiling Metrics
2020-07-21 16:12:34,936:INFO:Initializing Fold 3
2020-07-21 16:12:34,939:INFO:Fitting Model
2020-07-21 16:12:38,483:INFO:Evaluating Metrics
2020-07-21 16:12:38,495:INFO:Compiling Metrics
2020-07-21 16:12:38,497:INFO:Initializing Fold 4
2020-07-21 16:12:38,500:INFO:Fitting Model
2020-07-21 16:12:42,030:INFO:Evaluating Metrics
2020-07-21 16:12:42,040:INFO:Compiling Metrics
2020-07-21 16:12:42,042:INFO:Initializing Fold 5
2020-07-21 16:12:42,044:INFO:Fitting Model
2020-07-21 16:12:45,566:INFO:Evaluating Metrics
2020-07-21 16:12:45,575:INFO:Compiling Metrics
2020-07-21 16:12:45,577:INFO:Initializing Fold 6
2020-07-21 16:12:45,580:INFO:Fitting Model
2020-07-21 16:12:49,084:INFO:Evaluating Metrics
2020-07-21 16:12:49,094:INFO:Compiling Metrics
2020-07-21 16:12:49,096:INFO:Initializing Fold 7
2020-07-21 16:12:49,098:INFO:Fitting Model
2020-07-21 16:12:52,627:INFO:Evaluating Metrics
2020-07-21 16:12:52,637:INFO:Compiling Metrics
2020-07-21 16:12:52,639:INFO:Initializing Fold 8
2020-07-21 16:12:52,641:INFO:Fitting Model
2020-07-21 16:12:56,172:INFO:Evaluating Metrics
2020-07-21 16:12:56,182:INFO:Compiling Metrics
2020-07-21 16:12:56,184:INFO:Initializing Fold 9
2020-07-21 16:12:56,186:INFO:Fitting Model
2020-07-21 16:12:59,700:INFO:Evaluating Metrics
2020-07-21 16:12:59,709:INFO:Compiling Metrics
2020-07-21 16:12:59,711:INFO:Initializing Fold 10
2020-07-21 16:12:59,713:INFO:Fitting Model
2020-07-21 16:13:03,236:INFO:Evaluating Metrics
2020-07-21 16:13:03,246:INFO:Compiling Metrics
2020-07-21 16:13:03,248:INFO:Calculating mean and std
2020-07-21 16:13:03,248:INFO:Creating metrics dataframe
2020-07-21 16:13:03,252:INFO:Initializing Linear Discriminant Analysis
2020-07-21 16:13:03,258:INFO:Initializing Fold 1
2020-07-21 16:13:03,260:INFO:Fitting Model
2020-07-21 16:13:03,326:INFO:Evaluating Metrics
2020-07-21 16:13:03,337:INFO:Compiling Metrics
2020-07-21 16:13:03,341:INFO:Initializing Fold 2
2020-07-21 16:13:03,344:INFO:Fitting Model
2020-07-21 16:13:03,394:INFO:Evaluating Metrics
2020-07-21 16:13:03,406:INFO:Compiling Metrics
2020-07-21 16:13:03,408:INFO:Initializing Fold 3
2020-07-21 16:13:03,411:INFO:Fitting Model
2020-07-21 16:13:03,458:INFO:Evaluating Metrics
2020-07-21 16:13:03,470:INFO:Compiling Metrics
2020-07-21 16:13:03,476:INFO:Initializing Fold 4
2020-07-21 16:13:03,478:INFO:Fitting Model
2020-07-21 16:13:03,529:INFO:Evaluating Metrics
2020-07-21 16:13:03,541:INFO:Compiling Metrics
2020-07-21 16:13:03,542:INFO:Initializing Fold 5
2020-07-21 16:13:03,546:INFO:Fitting Model
2020-07-21 16:13:03,591:INFO:Evaluating Metrics
2020-07-21 16:13:03,605:INFO:Compiling Metrics
2020-07-21 16:13:03,608:INFO:Initializing Fold 6
2020-07-21 16:13:03,611:INFO:Fitting Model
2020-07-21 16:13:03,657:INFO:Evaluating Metrics
2020-07-21 16:13:03,671:INFO:Compiling Metrics
2020-07-21 16:13:03,673:INFO:Initializing Fold 7
2020-07-21 16:13:03,676:INFO:Fitting Model
2020-07-21 16:13:03,724:INFO:Evaluating Metrics
2020-07-21 16:13:03,736:INFO:Compiling Metrics
2020-07-21 16:13:03,738:INFO:Initializing Fold 8
2020-07-21 16:13:03,743:INFO:Fitting Model
2020-07-21 16:13:03,795:INFO:Evaluating Metrics
2020-07-21 16:13:03,808:INFO:Compiling Metrics
2020-07-21 16:13:03,811:INFO:Initializing Fold 9
2020-07-21 16:13:03,814:INFO:Fitting Model
2020-07-21 16:13:03,867:INFO:Evaluating Metrics
2020-07-21 16:13:03,881:INFO:Compiling Metrics
2020-07-21 16:13:03,884:INFO:Initializing Fold 10
2020-07-21 16:13:03,889:INFO:Fitting Model
2020-07-21 16:13:03,940:INFO:Evaluating Metrics
2020-07-21 16:13:03,951:INFO:Compiling Metrics
2020-07-21 16:13:03,953:INFO:Calculating mean and std
2020-07-21 16:13:03,954:INFO:Creating metrics dataframe
2020-07-21 16:13:03,960:INFO:Initializing Extra Trees Classifier
2020-07-21 16:13:03,963:INFO:Initializing Fold 1
2020-07-21 16:13:03,966:INFO:Fitting Model
2020-07-21 16:13:04,227:INFO:Evaluating Metrics
2020-07-21 16:13:04,464:INFO:Compiling Metrics
2020-07-21 16:13:04,467:INFO:Initializing Fold 2
2020-07-21 16:13:04,473:INFO:Fitting Model
2020-07-21 16:13:04,624:INFO:Evaluating Metrics
2020-07-21 16:13:04,855:INFO:Compiling Metrics
2020-07-21 16:13:04,858:INFO:Initializing Fold 3
2020-07-21 16:13:04,865:INFO:Fitting Model
2020-07-21 16:13:05,016:INFO:Evaluating Metrics
2020-07-21 16:13:05,246:INFO:Compiling Metrics
2020-07-21 16:13:05,250:INFO:Initializing Fold 4
2020-07-21 16:13:05,256:INFO:Fitting Model
2020-07-21 16:13:05,410:INFO:Evaluating Metrics
2020-07-21 16:13:05,648:INFO:Compiling Metrics
2020-07-21 16:13:05,651:INFO:Initializing Fold 5
2020-07-21 16:13:05,657:INFO:Fitting Model
2020-07-21 16:13:05,806:INFO:Evaluating Metrics
2020-07-21 16:13:06,042:INFO:Compiling Metrics
2020-07-21 16:13:06,044:INFO:Initializing Fold 6
2020-07-21 16:13:06,048:INFO:Fitting Model
2020-07-21 16:13:06,201:INFO:Evaluating Metrics
2020-07-21 16:13:06,435:INFO:Compiling Metrics
2020-07-21 16:13:06,437:INFO:Initializing Fold 7
2020-07-21 16:13:06,444:INFO:Fitting Model
2020-07-21 16:13:06,596:INFO:Evaluating Metrics
2020-07-21 16:13:06,826:INFO:Compiling Metrics
2020-07-21 16:13:06,828:INFO:Initializing Fold 8
2020-07-21 16:13:06,831:INFO:Fitting Model
2020-07-21 16:13:06,983:INFO:Evaluating Metrics
2020-07-21 16:13:07,218:INFO:Compiling Metrics
2020-07-21 16:13:07,221:INFO:Initializing Fold 9
2020-07-21 16:13:07,229:INFO:Fitting Model
2020-07-21 16:13:07,380:INFO:Evaluating Metrics
2020-07-21 16:13:07,615:INFO:Compiling Metrics
2020-07-21 16:13:07,619:INFO:Initializing Fold 10
2020-07-21 16:13:07,623:INFO:Fitting Model
2020-07-21 16:13:07,779:INFO:Evaluating Metrics
2020-07-21 16:13:08,008:INFO:Compiling Metrics
2020-07-21 16:13:08,010:INFO:Calculating mean and std
2020-07-21 16:13:08,015:INFO:Creating metrics dataframe
2020-07-21 16:13:08,020:INFO:Initializing Extreme Gradient Boosting
2020-07-21 16:13:08,022:INFO:Initializing Fold 1
2020-07-21 16:13:08,027:INFO:Fitting Model
2020-07-21 16:13:08,510:INFO:Evaluating Metrics
2020-07-21 16:13:08,528:INFO:Compiling Metrics
2020-07-21 16:13:08,530:INFO:Initializing Fold 2
2020-07-21 16:13:08,537:INFO:Fitting Model
2020-07-21 16:13:08,681:INFO:Evaluating Metrics
2020-07-21 16:13:08,699:INFO:Compiling Metrics
2020-07-21 16:13:08,701:INFO:Initializing Fold 3
2020-07-21 16:13:08,704:INFO:Fitting Model
2020-07-21 16:13:08,853:INFO:Evaluating Metrics
2020-07-21 16:13:08,871:INFO:Compiling Metrics
2020-07-21 16:13:08,874:INFO:Initializing Fold 4
2020-07-21 16:13:08,881:INFO:Fitting Model
2020-07-21 16:13:09,026:INFO:Evaluating Metrics
2020-07-21 16:13:09,043:INFO:Compiling Metrics
2020-07-21 16:13:09,046:INFO:Initializing Fold 5
2020-07-21 16:13:09,053:INFO:Fitting Model
2020-07-21 16:13:09,198:INFO:Evaluating Metrics
2020-07-21 16:13:09,215:INFO:Compiling Metrics
2020-07-21 16:13:09,217:INFO:Initializing Fold 6
2020-07-21 16:13:09,220:INFO:Fitting Model
2020-07-21 16:13:09,368:INFO:Evaluating Metrics
2020-07-21 16:13:09,386:INFO:Compiling Metrics
2020-07-21 16:13:09,389:INFO:Initializing Fold 7
2020-07-21 16:13:09,392:INFO:Fitting Model
2020-07-21 16:13:09,547:INFO:Evaluating Metrics
2020-07-21 16:13:09,565:INFO:Compiling Metrics
2020-07-21 16:13:09,567:INFO:Initializing Fold 8
2020-07-21 16:13:09,574:INFO:Fitting Model
2020-07-21 16:13:09,715:INFO:Evaluating Metrics
2020-07-21 16:13:09,733:INFO:Compiling Metrics
2020-07-21 16:13:09,735:INFO:Initializing Fold 9
2020-07-21 16:13:09,738:INFO:Fitting Model
2020-07-21 16:13:09,884:INFO:Evaluating Metrics
2020-07-21 16:13:09,901:INFO:Compiling Metrics
2020-07-21 16:13:09,903:INFO:Initializing Fold 10
2020-07-21 16:13:09,906:INFO:Fitting Model
2020-07-21 16:13:10,058:INFO:Evaluating Metrics
2020-07-21 16:13:10,077:INFO:Compiling Metrics
2020-07-21 16:13:10,079:INFO:Calculating mean and std
2020-07-21 16:13:10,079:INFO:Creating metrics dataframe
2020-07-21 16:13:10,088:INFO:Initializing Light Gradient Boosting Machine
2020-07-21 16:13:10,093:INFO:Initializing Fold 1
2020-07-21 16:13:10,096:INFO:Fitting Model
2020-07-21 16:13:10,494:INFO:Evaluating Metrics
2020-07-21 16:13:10,508:INFO:Compiling Metrics
2020-07-21 16:13:10,511:INFO:Initializing Fold 2
2020-07-21 16:13:10,515:INFO:Fitting Model
2020-07-21 16:13:10,963:INFO:Evaluating Metrics
2020-07-21 16:13:10,977:INFO:Compiling Metrics
2020-07-21 16:13:10,979:INFO:Initializing Fold 3
2020-07-21 16:13:10,983:INFO:Fitting Model
2020-07-21 16:13:11,426:INFO:Evaluating Metrics
2020-07-21 16:13:11,440:INFO:Compiling Metrics
2020-07-21 16:13:11,443:INFO:Initializing Fold 4
2020-07-21 16:13:11,446:INFO:Fitting Model
2020-07-21 16:13:11,894:INFO:Evaluating Metrics
2020-07-21 16:13:11,906:INFO:Compiling Metrics
2020-07-21 16:13:11,909:INFO:Initializing Fold 5
2020-07-21 16:13:11,915:INFO:Fitting Model
2020-07-21 16:13:12,298:INFO:Evaluating Metrics
2020-07-21 16:13:12,312:INFO:Compiling Metrics
2020-07-21 16:13:12,314:INFO:Initializing Fold 6
2020-07-21 16:13:12,319:INFO:Fitting Model
2020-07-21 16:13:12,693:INFO:Evaluating Metrics
2020-07-21 16:13:12,707:INFO:Compiling Metrics
2020-07-21 16:13:12,709:INFO:Initializing Fold 7
2020-07-21 16:13:12,713:INFO:Fitting Model
2020-07-21 16:13:13,125:INFO:Evaluating Metrics
2020-07-21 16:13:13,139:INFO:Compiling Metrics
2020-07-21 16:13:13,142:INFO:Initializing Fold 8
2020-07-21 16:13:13,146:INFO:Fitting Model
2020-07-21 16:13:13,516:INFO:Evaluating Metrics
2020-07-21 16:13:13,530:INFO:Compiling Metrics
2020-07-21 16:13:13,533:INFO:Initializing Fold 9
2020-07-21 16:13:13,537:INFO:Fitting Model
2020-07-21 16:13:13,924:INFO:Evaluating Metrics
2020-07-21 16:13:13,938:INFO:Compiling Metrics
2020-07-21 16:13:13,941:INFO:Initializing Fold 10
2020-07-21 16:13:13,944:INFO:Fitting Model
2020-07-21 16:13:14,346:INFO:Evaluating Metrics
2020-07-21 16:13:14,360:INFO:Compiling Metrics
2020-07-21 16:13:14,363:INFO:Calculating mean and std
2020-07-21 16:13:14,364:INFO:Creating metrics dataframe
2020-07-21 16:13:14,369:INFO:Initializing CatBoost Classifier
2020-07-21 16:13:14,370:INFO:Initializing Fold 1
2020-07-21 16:13:14,373:INFO:Fitting Model
2020-07-21 16:13:23,508:INFO:Evaluating Metrics
2020-07-21 16:13:23,545:INFO:Compiling Metrics
2020-07-21 16:13:23,548:INFO:Initializing Fold 2
2020-07-21 16:13:23,551:INFO:Fitting Model
2020-07-21 16:13:32,367:INFO:Evaluating Metrics
2020-07-21 16:13:32,402:INFO:Compiling Metrics
2020-07-21 16:13:32,404:INFO:Initializing Fold 3
2020-07-21 16:13:32,410:INFO:Fitting Model
2020-07-21 16:13:41,315:INFO:Evaluating Metrics
2020-07-21 16:13:41,349:INFO:Compiling Metrics
2020-07-21 16:13:41,351:INFO:Initializing Fold 4
2020-07-21 16:13:41,355:INFO:Fitting Model
2020-07-21 16:13:50,320:INFO:Evaluating Metrics
2020-07-21 16:13:50,354:INFO:Compiling Metrics
2020-07-21 16:13:50,356:INFO:Initializing Fold 5
2020-07-21 16:13:50,359:INFO:Fitting Model
2020-07-21 16:13:59,053:INFO:Evaluating Metrics
2020-07-21 16:13:59,087:INFO:Compiling Metrics
2020-07-21 16:13:59,090:INFO:Initializing Fold 6
2020-07-21 16:13:59,098:INFO:Fitting Model
2020-07-21 16:14:07,641:INFO:Evaluating Metrics
2020-07-21 16:14:07,675:INFO:Compiling Metrics
2020-07-21 16:14:07,677:INFO:Initializing Fold 7
2020-07-21 16:14:07,680:INFO:Fitting Model
2020-07-21 16:14:16,396:INFO:Evaluating Metrics
2020-07-21 16:14:16,430:INFO:Compiling Metrics
2020-07-21 16:14:16,432:INFO:Initializing Fold 8
2020-07-21 16:14:16,435:INFO:Fitting Model
2020-07-21 16:14:25,029:INFO:Evaluating Metrics
2020-07-21 16:14:25,064:INFO:Compiling Metrics
2020-07-21 16:14:25,066:INFO:Initializing Fold 9
2020-07-21 16:14:25,072:INFO:Fitting Model
2020-07-21 16:14:33,798:INFO:Evaluating Metrics
2020-07-21 16:14:33,832:INFO:Compiling Metrics
2020-07-21 16:14:33,835:INFO:Initializing Fold 10
2020-07-21 16:14:33,838:INFO:Fitting Model
2020-07-21 16:14:42,606:INFO:Evaluating Metrics
2020-07-21 16:14:42,641:INFO:Compiling Metrics
2020-07-21 16:14:42,643:INFO:Calculating mean and std
2020-07-21 16:14:42,644:INFO:Creating metrics dataframe
2020-07-21 16:14:42,652:INFO:Finalizing top_n models
2020-07-21 16:14:42,652:INFO:Initializing create_model()
2020-07-21 16:14:42,652:INFO:Checking exceptions
2020-07-21 16:14:42,653:INFO:Preloading libraries
2020-07-21 16:14:42,653:INFO:Preparing display monitor
2020-07-21 16:14:42,659:INFO:Copying training dataset
2020-07-21 16:14:42,660:INFO:Importing libraries
2020-07-21 16:14:42,660:INFO:Defining folds
2020-07-21 16:14:42,661:INFO:Declaring metric variables
2020-07-21 16:14:42,661:INFO:Importing untrained model
2020-07-21 16:14:42,661:INFO:Naive Bayes Imported succesfully
2020-07-21 16:14:42,661:INFO:Checking ensemble method
2020-07-21 16:14:42,663:INFO:Initializing Fold 1
2020-07-21 16:14:42,665:INFO:Fitting Model
2020-07-21 16:14:42,673:INFO:Evaluating Metrics
2020-07-21 16:14:42,682:INFO:Compiling Metrics
2020-07-21 16:14:42,688:INFO:Initializing Fold 2
2020-07-21 16:14:42,690:INFO:Fitting Model
2020-07-21 16:14:42,695:INFO:Evaluating Metrics
2020-07-21 16:14:42,704:INFO:Compiling Metrics
2020-07-21 16:14:42,708:INFO:Initializing Fold 3
2020-07-21 16:14:42,710:INFO:Fitting Model
2020-07-21 16:14:42,715:INFO:Evaluating Metrics
2020-07-21 16:14:42,729:INFO:Compiling Metrics
2020-07-21 16:14:42,737:INFO:Initializing Fold 4
2020-07-21 16:14:42,739:INFO:Fitting Model
2020-07-21 16:14:42,743:INFO:Evaluating Metrics
2020-07-21 16:14:42,753:INFO:Compiling Metrics
2020-07-21 16:14:42,757:INFO:Initializing Fold 5
2020-07-21 16:14:42,759:INFO:Fitting Model
2020-07-21 16:14:42,764:INFO:Evaluating Metrics
2020-07-21 16:14:42,776:INFO:Compiling Metrics
2020-07-21 16:14:42,781:INFO:Initializing Fold 6
2020-07-21 16:14:42,784:INFO:Fitting Model
2020-07-21 16:14:42,789:INFO:Evaluating Metrics
2020-07-21 16:14:42,799:INFO:Compiling Metrics
2020-07-21 16:14:42,803:INFO:Initializing Fold 7
2020-07-21 16:14:42,805:INFO:Fitting Model
2020-07-21 16:14:42,810:INFO:Evaluating Metrics
2020-07-21 16:14:42,819:INFO:Compiling Metrics
2020-07-21 16:14:42,824:INFO:Initializing Fold 8
2020-07-21 16:14:42,825:INFO:Fitting Model
2020-07-21 16:14:42,831:INFO:Evaluating Metrics
2020-07-21 16:14:42,844:INFO:Compiling Metrics
2020-07-21 16:14:42,848:INFO:Initializing Fold 9
2020-07-21 16:14:42,852:INFO:Fitting Model
2020-07-21 16:14:42,857:INFO:Evaluating Metrics
2020-07-21 16:14:42,866:INFO:Compiling Metrics
2020-07-21 16:14:42,873:INFO:Initializing Fold 10
2020-07-21 16:14:42,875:INFO:Fitting Model
2020-07-21 16:14:42,880:INFO:Evaluating Metrics
2020-07-21 16:14:42,892:INFO:Compiling Metrics
2020-07-21 16:14:42,896:INFO:Calculating mean and std
2020-07-21 16:14:42,896:INFO:Creating metrics dataframe
2020-07-21 16:14:42,899:INFO:Finalizing model
2020-07-21 16:14:42,905:INFO:Uploading results into container
2020-07-21 16:14:42,906:INFO:Uploading model into container
2020-07-21 16:14:42,906:INFO:create_model() succesfully completed
2020-07-21 16:14:42,920:INFO:compare_models() succesfully completed
2020-07-21 17:00:57,613:INFO:PyCaret Classification Module
2020-07-21 17:00:57,615:INFO:version pycaret-nightly-0.33
2020-07-21 17:00:57,616:INFO:Initializing setup()
2020-07-21 17:00:57,617:INFO:Checking Exceptions
2020-07-21 17:00:57,618:INFO:Preloading libraries
2020-07-21 17:00:57,669:INFO:Preparing display monitor
2020-07-21 17:00:57,676:INFO:Importing libraries
2020-07-21 17:00:58,729:INFO:Copying data for preprocessing
2020-07-21 17:00:58,731:INFO:Declaring global variables
2020-07-21 17:00:58,733:INFO:Declaring preprocessing parameters
2020-07-21 17:00:58,735:INFO:Importing preprocessing module
2020-07-21 17:00:59,062:INFO:Creating preprocessing pipeline
